# JRE version: OpenJDK Runtime Environment (8.0_242-b01) (build 1.8.0_242-release-1644-b01)
# Java VM: OpenJDK 64-Bit Server VM (25.242-b01 mixed mode windows-amd64 compressed oops)
Heap:
 PSYoungGen      total 185856K, used 100449K [0x00000000d5580000, 0x00000000e3680000, 0x0000000100000000)
  eden space 152064K, 61% used [0x00000000d5580000,0x00000000db124388,0x00000000dea00000)
  from space 33792K, 19% used [0x00000000e0a00000,0x00000000e1074320,0x00000000e2b00000)
  to   space 32768K, 0% used [0x00000000dea00000,0x00000000dea00000,0x00000000e0a00000)
 ParOldGen       total 110592K, used 60053K [0x0000000080000000, 0x0000000086c00000, 0x00000000d5580000)
  object space 110592K, 54% used [0x0000000080000000,0x0000000083aa5530,0x0000000086c00000)
 Metaspace       used 91570K, capacity 96412K, committed 99112K, reserved 1134592K
  class space    used 12065K, capacity 12942K, committed 13616K, reserved 1048576K
GC Heap History (10 events):
Event: 1084.999 GC heap before
{Heap before GC invocations=22 (full 3):
 PSYoungGen      total 174592K, used 169844K [0x00000000d5580000, 0x00000000e3500000, 0x0000000100000000)
  eden space 167424K, 99% used [0x00000000d5580000,0x00000000df8fd3a0,0x00000000df900000)
  from space 7168K, 33% used [0x00000000e2e00000,0x00000000e3060020,0x00000000e3500000)
  to   space 30720K, 0% used [0x00000000df900000,0x00000000df900000,0x00000000e1700000)
 ParOldGen       total 110592K, used 74312K [0x0000000080000000, 0x0000000086c00000, 0x00000000d5580000)
  object space 110592K, 67% used [0x0000000080000000,0x0000000084892290,0x0000000086c00000)
 Metaspace       used 75829K, capacity 79776K, committed 79912K, reserved 1118208K
  class space    used 9987K, capacity 10701K, committed 10800K, reserved 1048576K
Event: 1085.010 GC heap after
Heap after GC invocations=22 (full 3):
 PSYoungGen      total 173568K, used 11360K [0x00000000d5580000, 0x00000000e2e80000, 0x0000000100000000)
  eden space 161792K, 0% used [0x00000000d5580000,0x00000000d5580000,0x00000000df380000)
  from space 11776K, 96% used [0x00000000df900000,0x00000000e04180a0,0x00000000e0480000)
  to   space 28672K, 0% used [0x00000000e1280000,0x00000000e1280000,0x00000000e2e80000)
 ParOldGen       total 110592K, used 74320K [0x0000000080000000, 0x0000000086c00000, 0x00000000d5580000)
  object space 110592K, 67% used [0x0000000080000000,0x0000000084894290,0x0000000086c00000)
 Metaspace       used 75829K, capacity 79776K, committed 79912K, reserved 1118208K
  class space    used 9987K, capacity 10701K, committed 10800K, reserved 1048576K
}
Event: 1089.158 GC heap before
{Heap before GC invocations=23 (full 3):
 PSYoungGen      total 173568K, used 173152K [0x00000000d5580000, 0x00000000e2e80000, 0x0000000100000000)
  eden space 161792K, 100% used [0x00000000d5580000,0x00000000df380000,0x00000000df380000)
  from space 11776K, 96% used [0x00000000df900000,0x00000000e04180a0,0x00000000e0480000)
  to   space 28672K, 0% used [0x00000000e1280000,0x00000000e1280000,0x00000000e2e80000)
 ParOldGen       total 110592K, used 74320K [0x0000000080000000, 0x0000000086c00000, 0x00000000d5580000)
  object space 110592K, 67% used [0x0000000080000000,0x0000000084894290,0x0000000086c00000)
 Metaspace       used 87952K, capacity 93244K, committed 93480K, reserved 1130496K
  class space    used 11752K, capacity 12746K, committed 12848K, reserved 1048576K
Event: 1089.180 GC heap after
Heap after GC invocations=23 (full 3):
 PSYoungGen      total 184832K, used 28323K [0x00000000d5580000, 0x00000000e2f00000, 0x0000000100000000)
  eden space 156160K, 0% used [0x00000000d5580000,0x00000000d5580000,0x00000000dee00000)
  from space 28672K, 98% used [0x00000000e1280000,0x00000000e2e28c78,0x00000000e2e80000)
  to   space 33280K, 0% used [0x00000000dee00000,0x00000000dee00000,0x00000000e0e80000)
 ParOldGen       total 110592K, used 74328K [0x0000000080000000, 0x0000000086c00000, 0x00000000d5580000)
  object space 110592K, 67% used [0x0000000080000000,0x0000000084896290,0x0000000086c00000)
 Metaspace       used 87952K, capacity 93244K, committed 93480K, reserved 1130496K
  class space    used 11752K, capacity 12746K, committed 12848K, reserved 1048576K
}
Event: 1090.086 GC heap before
{Heap before GC invocations=24 (full 3):
 PSYoungGen      total 184832K, used 91754K [0x00000000d5580000, 0x00000000e2f00000, 0x0000000100000000)
  eden space 156160K, 40% used [0x00000000d5580000,0x00000000d9371c78,0x00000000dee00000)
  from space 28672K, 98% used [0x00000000e1280000,0x00000000e2e28c78,0x00000000e2e80000)
  to   space 33280K, 0% used [0x00000000dee00000,0x00000000dee00000,0x00000000e0e80000)
 ParOldGen       total 110592K, used 74328K [0x0000000080000000, 0x0000000086c00000, 0x00000000d5580000)
  object space 110592K, 67% used [0x0000000080000000,0x0000000084896290,0x0000000086c00000)
 Metaspace       used 92084K, capacity 98588K, committed 98600K, reserved 1134592K
  class space    used 12439K, capacity 13606K, committed 13616K, reserved 1048576K
Event: 1090.098 GC heap after
Heap after GC invocations=24 (full 3):
 PSYoungGen      total 169984K, used 18724K [0x00000000d5580000, 0x00000000e2b00000, 0x0000000100000000)
  eden space 151040K, 0% used [0x00000000d5580000,0x00000000d5580000,0x00000000de900000)
  from space 18944K, 98% used [0x00000000dee00000,0x00000000e00493a8,0x00000000e0080000)
  to   space 33792K, 0% used [0x00000000e0a00000,0x00000000e0a00000,0x00000000e2b00000)
 ParOldGen       total 110592K, used 74336K [0x0000000080000000, 0x0000000086c00000, 0x00000000d5580000)
  object space 110592K, 67% used [0x0000000080000000,0x0000000084898290,0x0000000086c00000)
 Metaspace       used 92084K, capacity 98588K, committed 98600K, reserved 1134592K
  class space    used 12439K, capacity 13606K, committed 13616K, reserved 1048576K
}
Event: 1090.098 GC heap before
{Heap before GC invocations=25 (full 4):
 PSYoungGen      total 169984K, used 18724K [0x00000000d5580000, 0x00000000e2b00000, 0x0000000100000000)
  eden space 151040K, 0% used [0x00000000d5580000,0x00000000d5580000,0x00000000de900000)
  from space 18944K, 98% used [0x00000000dee00000,0x00000000e00493a8,0x00000000e0080000)
  to   space 33792K, 0% used [0x00000000e0a00000,0x00000000e0a00000,0x00000000e2b00000)
 ParOldGen       total 110592K, used 74336K [0x0000000080000000, 0x0000000086c00000, 0x00000000d5580000)
  object space 110592K, 67% used [0x0000000080000000,0x0000000084898290,0x0000000086c00000)
 Metaspace       used 92084K, capacity 98588K, committed 98600K, reserved 1134592K
  class space    used 12439K, capacity 13606K, committed 13616K, reserved 1048576K
Event: 1090.232 GC heap after
Heap after GC invocations=25 (full 4):
 PSYoungGen      total 169984K, used 0K [0x00000000d5580000, 0x00000000e2b00000, 0x0000000100000000)
  eden space 151040K, 0% used [0x00000000d5580000,0x00000000d5580000,0x00000000de900000)
  from space 18944K, 0% used [0x00000000dee00000,0x00000000dee00000,0x00000000e0080000)
  to   space 33792K, 0% used [0x00000000e0a00000,0x00000000e0a00000,0x00000000e2b00000)
 ParOldGen       total 110592K, used 60045K [0x0000000080000000, 0x0000000086c00000, 0x00000000d5580000)
  object space 110592K, 54% used [0x0000000080000000,0x0000000083aa3530,0x0000000086c00000)
 Metaspace       used 90878K, capacity 95404K, committed 98600K, reserved 1134592K
  class space    used 12020K, capacity 12868K, committed 13616K, reserved 1048576K
}
Event: 1261.655 GC heap before
{Heap before GC invocations=26 (full 4):
 PSYoungGen      total 169984K, used 151040K [0x00000000d5580000, 0x00000000e2b00000, 0x0000000100000000)
  eden space 151040K, 100% used [0x00000000d5580000,0x00000000de900000,0x00000000de900000)
  from space 18944K, 0% used [0x00000000dee00000,0x00000000dee00000,0x00000000e0080000)
  to   space 33792K, 0% used [0x00000000e0a00000,0x00000000e0a00000,0x00000000e2b00000)
 ParOldGen       total 110592K, used 60045K [0x0000000080000000, 0x0000000086c00000, 0x00000000d5580000)
  object space 110592K, 54% used [0x0000000080000000,0x0000000083aa3530,0x0000000086c00000)
 Metaspace       used 91477K, capacity 96190K, committed 99112K, reserved 1134592K
  class space    used 12051K, capacity 12917K, committed 13616K, reserved 1048576K
Event: 1261.664 GC heap after
Heap after GC invocations=26 (full 4):
 PSYoungGen      total 185856K, used 6608K [0x00000000d5580000, 0x00000000e3680000, 0x0000000100000000)
  eden space 152064K, 0% used [0x00000000d5580000,0x00000000d5580000,0x00000000dea00000)
  from space 33792K, 19% used [0x00000000e0a00000,0x00000000e1074320,0x00000000e2b00000)
  to   space 32768K, 0% used [0x00000000dea00000,0x00000000dea00000,0x00000000e0a00000)
 ParOldGen       total 110592K, used 60053K [0x0000000080000000, 0x0000000086c00000, 0x00000000d5580000)
  object space 110592K, 54% used [0x0000000080000000,0x0000000083aa5530,0x0000000086c00000)
 Metaspace       used 91477K, capacity 96190K, committed 99112K, reserved 1134592K
  class space    used 12051K, capacity 12917K, committed 13616K, reserved 1048576K
}

