# JRE version: OpenJDK Runtime Environment (8.0_242-b01) (build 1.8.0_242-release-1644-b01)
# Java VM: OpenJDK 64-Bit Server VM (25.242-b01 mixed mode windows-amd64 compressed oops)
Heap:
 PSYoungGen      total 142336K, used 26930K [0x00000000d5580000, 0x00000000e1680000, 0x0000000100000000)
  eden space 90112K, 10% used [0x00000000d5580000,0x00000000d5f20d20,0x00000000dad80000)
  from space 52224K, 32% used [0x00000000de380000,0x00000000df42bb80,0x00000000e1680000)
  to   space 53760K, 0% used [0x00000000dad80000,0x00000000dad80000,0x00000000de200000)
 ParOldGen       total 172032K, used 48951K [0x0000000080000000, 0x000000008a800000, 0x00000000d5580000)
  object space 172032K, 28% used [0x0000000080000000,0x0000000082fcdd78,0x000000008a800000)
 Metaspace       used 110155K, capacity 116147K, committed 116352K, reserved 1148928K
  class space    used 14718K, capacity 15889K, committed 16000K, reserved 1048576K
GC Heap History (10 events):
Event: 3338.204 GC heap before
{Heap before GC invocations=32 (full 4):
 PSYoungGen      total 132096K, used 46271K [0x00000000d5580000, 0x00000000e1d00000, 0x0000000100000000)
  eden space 75776K, 0% used [0x00000000d5580000,0x00000000d5580000,0x00000000d9f80000)
  from space 56320K, 82% used [0x00000000ddb80000,0x00000000e08afcd0,0x00000000e1280000)
  to   space 61440K, 0% used [0x00000000d9f80000,0x00000000d9f80000,0x00000000ddb80000)
 ParOldGen       total 172032K, used 50085K [0x0000000080000000, 0x000000008a800000, 0x00000000d5580000)
  object space 172032K, 29% used [0x0000000080000000,0x00000000830e97e0,0x000000008a800000)
 Metaspace       used 93698K, capacity 98363K, committed 98496K, reserved 1134592K
  class space    used 12402K, capacity 13366K, committed 13440K, reserved 1048576K
Event: 3338.530 GC heap after
Heap after GC invocations=32 (full 4):
 PSYoungGen      total 132096K, used 0K [0x00000000d5580000, 0x00000000e1d00000, 0x0000000100000000)
  eden space 75776K, 0% used [0x00000000d5580000,0x00000000d5580000,0x00000000d9f80000)
  from space 56320K, 0% used [0x00000000ddb80000,0x00000000ddb80000,0x00000000e1280000)
  to   space 61440K, 0% used [0x00000000d9f80000,0x00000000d9f80000,0x00000000ddb80000)
 ParOldGen       total 172032K, used 48919K [0x0000000080000000, 0x000000008a800000, 0x00000000d5580000)
  object space 172032K, 28% used [0x0000000080000000,0x0000000082fc5d78,0x000000008a800000)
 Metaspace       used 92580K, capacity 96377K, committed 98496K, reserved 1134592K
  class space    used 12188K, capacity 12969K, committed 13440K, reserved 1048576K
}
Event: 3346.420 GC heap before
{Heap before GC invocations=33 (full 4):
 PSYoungGen      total 132096K, used 75776K [0x00000000d5580000, 0x00000000e1d00000, 0x0000000100000000)
  eden space 75776K, 100% used [0x00000000d5580000,0x00000000d9f80000,0x00000000d9f80000)
  from space 56320K, 0% used [0x00000000ddb80000,0x00000000ddb80000,0x00000000e1280000)
  to   space 61440K, 0% used [0x00000000d9f80000,0x00000000d9f80000,0x00000000ddb80000)
 ParOldGen       total 172032K, used 48919K [0x0000000080000000, 0x000000008a800000, 0x00000000d5580000)
  object space 172032K, 28% used [0x0000000080000000,0x0000000082fc5d78,0x000000008a800000)
 Metaspace       used 95440K, capacity 99335K, committed 101248K, reserved 1136640K
  class space    used 12534K, capacity 13340K, committed 13696K, reserved 1048576K
Event: 3346.430 GC heap after
Heap after GC invocations=33 (full 4):
 PSYoungGen      total 137216K, used 9471K [0x00000000d5580000, 0x00000000e1d00000, 0x0000000100000000)
  eden space 75776K, 0% used [0x00000000d5580000,0x00000000d5580000,0x00000000d9f80000)
  from space 61440K, 15% used [0x00000000d9f80000,0x00000000da8bfe18,0x00000000ddb80000)
  to   space 60416K, 0% used [0x00000000de200000,0x00000000de200000,0x00000000e1d00000)
 ParOldGen       total 172032K, used 48927K [0x0000000080000000, 0x000000008a800000, 0x00000000d5580000)
  object space 172032K, 28% used [0x0000000080000000,0x0000000082fc7d78,0x000000008a800000)
 Metaspace       used 95440K, capacity 99335K, committed 101248K, reserved 1136640K
  class space    used 12534K, capacity 13340K, committed 13696K, reserved 1048576K
}
Event: 3349.271 GC heap before
{Heap before GC invocations=34 (full 4):
 PSYoungGen      total 137216K, used 85247K [0x00000000d5580000, 0x00000000e1d00000, 0x0000000100000000)
  eden space 75776K, 100% used [0x00000000d5580000,0x00000000d9f80000,0x00000000d9f80000)
  from space 61440K, 15% used [0x00000000d9f80000,0x00000000da8bfe18,0x00000000ddb80000)
  to   space 60416K, 0% used [0x00000000de200000,0x00000000de200000,0x00000000e1d00000)
 ParOldGen       total 172032K, used 48927K [0x0000000080000000, 0x000000008a800000, 0x00000000d5580000)
  object space 172032K, 28% used [0x0000000080000000,0x0000000082fc7d78,0x000000008a800000)
 Metaspace       used 98123K, capacity 102163K, committed 103936K, reserved 1138688K
  class space    used 12907K, capacity 13769K, committed 14080K, reserved 1048576K
Event: 3349.278 GC heap after
Heap after GC invocations=34 (full 4):
 PSYoungGen      total 140800K, used 7283K [0x00000000d5580000, 0x00000000e1b00000, 0x0000000100000000)
  eden space 82432K, 0% used [0x00000000d5580000,0x00000000d5580000,0x00000000da600000)
  from space 58368K, 12% used [0x00000000de200000,0x00000000de91ce80,0x00000000e1b00000)
  to   space 59904K, 0% used [0x00000000da600000,0x00000000da600000,0x00000000de080000)
 ParOldGen       total 172032K, used 48935K [0x0000000080000000, 0x000000008a800000, 0x00000000d5580000)
  object space 172032K, 28% used [0x0000000080000000,0x0000000082fc9d78,0x000000008a800000)
 Metaspace       used 98123K, capacity 102163K, committed 103936K, reserved 1138688K
  class space    used 12907K, capacity 13769K, committed 14080K, reserved 1048576K
}
Event: 3353.608 GC heap before
{Heap before GC invocations=35 (full 4):
 PSYoungGen      total 140800K, used 89715K [0x00000000d5580000, 0x00000000e1b00000, 0x0000000100000000)
  eden space 82432K, 100% used [0x00000000d5580000,0x00000000da600000,0x00000000da600000)
  from space 58368K, 12% used [0x00000000de200000,0x00000000de91ce80,0x00000000e1b00000)
  to   space 59904K, 0% used [0x00000000da600000,0x00000000da600000,0x00000000de080000)
 ParOldGen       total 172032K, used 48935K [0x0000000080000000, 0x000000008a800000, 0x00000000d5580000)
  object space 172032K, 28% used [0x0000000080000000,0x0000000082fc9d78,0x000000008a800000)
 Metaspace       used 103857K, capacity 108347K, committed 109184K, reserved 1144832K
  class space    used 13646K, capacity 14535K, committed 14720K, reserved 1048576K
Event: 3353.626 GC heap after
Heap after GC invocations=35 (full 4):
 PSYoungGen      total 142336K, used 19692K [0x00000000d5580000, 0x00000000e1a80000, 0x0000000100000000)
  eden space 82432K, 0% used [0x00000000d5580000,0x00000000d5580000,0x00000000da600000)
  from space 59904K, 32% used [0x00000000da600000,0x00000000db93b0e8,0x00000000de080000)
  to   space 56320K, 0% used [0x00000000de380000,0x00000000de380000,0x00000000e1a80000)
 ParOldGen       total 172032K, used 48943K [0x0000000080000000, 0x000000008a800000, 0x00000000d5580000)
  object space 172032K, 28% used [0x0000000080000000,0x0000000082fcbd78,0x000000008a800000)
 Metaspace       used 103857K, capacity 108347K, committed 109184K, reserved 1144832K
  class space    used 13646K, capacity 14535K, committed 14720K, reserved 1048576K
}
Event: 3355.128 GC heap before
{Heap before GC invocations=36 (full 4):
 PSYoungGen      total 142336K, used 102100K [0x00000000d5580000, 0x00000000e1a80000, 0x0000000100000000)
  eden space 82432K, 99% used [0x00000000d5580000,0x00000000da5fa2f0,0x00000000da600000)
  from space 59904K, 32% used [0x00000000da600000,0x00000000db93b0e8,0x00000000de080000)
  to   space 56320K, 0% used [0x00000000de380000,0x00000000de380000,0x00000000e1a80000)
 ParOldGen       total 172032K, used 48943K [0x0000000080000000, 0x000000008a800000, 0x00000000d5580000)
  object space 172032K, 28% used [0x0000000080000000,0x0000000082fcbd78,0x000000008a800000)
 Metaspace       used 109611K, capacity 115509K, committed 115712K, reserved 1148928K
  class space    used 14639K, capacity 15794K, committed 15872K, reserved 1048576K
Event: 3355.143 GC heap after
Heap after GC invocations=36 (full 4):
 PSYoungGen      total 142336K, used 17070K [0x00000000d5580000, 0x00000000e1680000, 0x0000000100000000)
  eden space 90112K, 0% used [0x00000000d5580000,0x00000000d5580000,0x00000000dad80000)
  from space 52224K, 32% used [0x00000000de380000,0x00000000df42bb80,0x00000000e1680000)
  to   space 53760K, 0% used [0x00000000dad80000,0x00000000dad80000,0x00000000de200000)
 ParOldGen       total 172032K, used 48951K [0x0000000080000000, 0x000000008a800000, 0x00000000d5580000)
  object space 172032K, 28% used [0x0000000080000000,0x0000000082fcdd78,0x000000008a800000)
 Metaspace       used 109611K, capacity 115509K, committed 115712K, reserved 1148928K
  class space    used 14639K, capacity 15794K, committed 15872K, reserved 1048576K
}

