# JRE version: OpenJDK Runtime Environment (8.0_242-b01) (build 1.8.0_242-release-1644-b01)
# Java VM: OpenJDK 64-Bit Server VM (25.242-b01 mixed mode windows-amd64 compressed oops)
Heap:
 PSYoungGen      total 208896K, used 167734K [0x00000000d5580000, 0x00000000e6a00000, 0x0000000100000000)
  eden space 188416K, 89% used [0x00000000d5580000,0x00000000df94db00,0x00000000e0d80000)
  from space 20480K, 0% used [0x00000000e5600000,0x00000000e5600000,0x00000000e6a00000)
  to   space 13824K, 0% used [0x00000000e0d80000,0x00000000e0d80000,0x00000000e1b00000)
 ParOldGen       total 69120K, used 29741K [0x0000000080000000, 0x0000000084380000, 0x00000000d5580000)
  object space 69120K, 43% used [0x0000000080000000,0x0000000081d0b780,0x0000000084380000)
 Metaspace       used 64277K, capacity 67596K, committed 67864K, reserved 1107968K
  class space    used 8914K, capacity 9517K, committed 9520K, reserved 1048576K
GC Heap History (10 events):
Event: 3.624 GC heap before
{Heap before GC invocations=11 (full 2):
 PSYoungGen      total 139776K, used 11003K [0x00000000d5580000, 0x00000000e2a80000, 0x0000000100000000)
  eden space 128000K, 0% used [0x00000000d5580000,0x00000000d5580000,0x00000000dd280000)
  from space 11776K, 93% used [0x00000000dd280000,0x00000000ddd3ed50,0x00000000dde00000)
  to   space 12800K, 0% used [0x00000000e1e00000,0x00000000e1e00000,0x00000000e2a80000)
 ParOldGen       total 47104K, used 6682K [0x0000000080000000, 0x0000000082e00000, 0x00000000d5580000)
  object space 47104K, 14% used [0x0000000080000000,0x0000000080686a80,0x0000000082e00000)
 Metaspace       used 34325K, capacity 35404K, committed 35496K, reserved 1079296K
  class space    used 4732K, capacity 5003K, committed 5040K, reserved 1048576K
Event: 3.695 GC heap after
Heap after GC invocations=11 (full 2):
 PSYoungGen      total 139776K, used 0K [0x00000000d5580000, 0x00000000e2a80000, 0x0000000100000000)
  eden space 128000K, 0% used [0x00000000d5580000,0x00000000d5580000,0x00000000dd280000)
  from space 11776K, 0% used [0x00000000dd280000,0x00000000dd280000,0x00000000dde00000)
  to   space 12800K, 0% used [0x00000000e1e00000,0x00000000e1e00000,0x00000000e2a80000)
 ParOldGen       total 69120K, used 17195K [0x0000000080000000, 0x0000000084380000, 0x00000000d5580000)
  object space 69120K, 24% used [0x0000000080000000,0x00000000810cad88,0x0000000084380000)
 Metaspace       used 34325K, capacity 35404K, committed 35496K, reserved 1079296K
  class space    used 4732K, capacity 5003K, committed 5040K, reserved 1048576K
}
Event: 4.522 GC heap before
{Heap before GC invocations=12 (full 2):
 PSYoungGen      total 139776K, used 128000K [0x00000000d5580000, 0x00000000e2a80000, 0x0000000100000000)
  eden space 128000K, 100% used [0x00000000d5580000,0x00000000dd280000,0x00000000dd280000)
  from space 11776K, 0% used [0x00000000dd280000,0x00000000dd280000,0x00000000dde00000)
  to   space 12800K, 0% used [0x00000000e1e00000,0x00000000e1e00000,0x00000000e2a80000)
 ParOldGen       total 69120K, used 17195K [0x0000000080000000, 0x0000000084380000, 0x00000000d5580000)
  object space 69120K, 24% used [0x0000000080000000,0x00000000810cad88,0x0000000084380000)
 Metaspace       used 39880K, capacity 41682K, committed 41768K, reserved 1085440K
  class space    used 5519K, capacity 5923K, committed 5936K, reserved 1048576K
Event: 4.530 GC heap after
Heap after GC invocations=12 (full 2):
 PSYoungGen      total 188928K, used 10347K [0x00000000d5580000, 0x00000000e2880000, 0x0000000100000000)
  eden space 178176K, 0% used [0x00000000d5580000,0x00000000d5580000,0x00000000e0380000)
  from space 10752K, 96% used [0x00000000e1e00000,0x00000000e281ad38,0x00000000e2880000)
  to   space 13824K, 0% used [0x00000000e0d80000,0x00000000e0d80000,0x00000000e1b00000)
 ParOldGen       total 69120K, used 17203K [0x0000000080000000, 0x0000000084380000, 0x00000000d5580000)
  object space 69120K, 24% used [0x0000000080000000,0x00000000810ccd88,0x0000000084380000)
 Metaspace       used 39880K, capacity 41682K, committed 41768K, reserved 1085440K
  class space    used 5519K, capacity 5923K, committed 5936K, reserved 1048576K
}
Event: 6.141 GC heap before
{Heap before GC invocations=13 (full 2):
 PSYoungGen      total 188928K, used 188523K [0x00000000d5580000, 0x00000000e2880000, 0x0000000100000000)
  eden space 178176K, 100% used [0x00000000d5580000,0x00000000e0380000,0x00000000e0380000)
  from space 10752K, 96% used [0x00000000e1e00000,0x00000000e281ad38,0x00000000e2880000)
  to   space 13824K, 0% used [0x00000000e0d80000,0x00000000e0d80000,0x00000000e1b00000)
 ParOldGen       total 69120K, used 17203K [0x0000000080000000, 0x0000000084380000, 0x00000000d5580000)
  object space 69120K, 24% used [0x0000000080000000,0x00000000810ccd88,0x0000000084380000)
 Metaspace       used 56083K, capacity 58472K, committed 58664K, reserved 1099776K
  class space    used 7675K, capacity 8179K, committed 8240K, reserved 1048576K
Event: 6.162 GC heap after
Heap after GC invocations=13 (full 2):
 PSYoungGen      total 202240K, used 13793K [0x00000000d5580000, 0x00000000e6a00000, 0x0000000100000000)
  eden space 188416K, 0% used [0x00000000d5580000,0x00000000d5580000,0x00000000e0d80000)
  from space 13824K, 99% used [0x00000000e0d80000,0x00000000e1af86d0,0x00000000e1b00000)
  to   space 20480K, 0% used [0x00000000e5600000,0x00000000e5600000,0x00000000e6a00000)
 ParOldGen       total 69120K, used 31053K [0x0000000080000000, 0x0000000084380000, 0x00000000d5580000)
  object space 69120K, 44% used [0x0000000080000000,0x0000000081e53548,0x0000000084380000)
 Metaspace       used 56083K, capacity 58472K, committed 58664K, reserved 1099776K
  class space    used 7675K, capacity 8179K, committed 8240K, reserved 1048576K
}
Event: 6.263 GC heap before
{Heap before GC invocations=14 (full 2):
 PSYoungGen      total 202240K, used 23701K [0x00000000d5580000, 0x00000000e6a00000, 0x0000000100000000)
  eden space 188416K, 5% used [0x00000000d5580000,0x00000000d5f2cfa8,0x00000000e0d80000)
  from space 13824K, 99% used [0x00000000e0d80000,0x00000000e1af86d0,0x00000000e1b00000)
  to   space 20480K, 0% used [0x00000000e5600000,0x00000000e5600000,0x00000000e6a00000)
 ParOldGen       total 69120K, used 31053K [0x0000000080000000, 0x0000000084380000, 0x00000000d5580000)
  object space 69120K, 44% used [0x0000000080000000,0x0000000081e53548,0x0000000084380000)
 Metaspace       used 56722K, capacity 59102K, committed 59160K, reserved 1099776K
  class space    used 7770K, capacity 8218K, committed 8240K, reserved 1048576K
Event: 6.274 GC heap after
Heap after GC invocations=14 (full 2):
 PSYoungGen      total 208896K, used 992K [0x00000000d5580000, 0x00000000e6a00000, 0x0000000100000000)
  eden space 188416K, 0% used [0x00000000d5580000,0x00000000d5580000,0x00000000e0d80000)
  from space 20480K, 4% used [0x00000000e5600000,0x00000000e56f8000,0x00000000e6a00000)
  to   space 13824K, 0% used [0x00000000e0d80000,0x00000000e0d80000,0x00000000e1b00000)
 ParOldGen       total 69120K, used 42228K [0x0000000080000000, 0x0000000084380000, 0x00000000d5580000)
  object space 69120K, 61% used [0x0000000080000000,0x000000008293d248,0x0000000084380000)
 Metaspace       used 56722K, capacity 59102K, committed 59160K, reserved 1099776K
  class space    used 7770K, capacity 8218K, committed 8240K, reserved 1048576K
}
Event: 6.274 GC heap before
{Heap before GC invocations=15 (full 3):
 PSYoungGen      total 208896K, used 992K [0x00000000d5580000, 0x00000000e6a00000, 0x0000000100000000)
  eden space 188416K, 0% used [0x00000000d5580000,0x00000000d5580000,0x00000000e0d80000)
  from space 20480K, 4% used [0x00000000e5600000,0x00000000e56f8000,0x00000000e6a00000)
  to   space 13824K, 0% used [0x00000000e0d80000,0x00000000e0d80000,0x00000000e1b00000)
 ParOldGen       total 69120K, used 42228K [0x0000000080000000, 0x0000000084380000, 0x00000000d5580000)
  object space 69120K, 61% used [0x0000000080000000,0x000000008293d248,0x0000000084380000)
 Metaspace       used 56722K, capacity 59102K, committed 59160K, reserved 1099776K
  class space    used 7770K, capacity 8218K, committed 8240K, reserved 1048576K
Event: 6.476 GC heap after
Heap after GC invocations=15 (full 3):
 PSYoungGen      total 208896K, used 0K [0x00000000d5580000, 0x00000000e6a00000, 0x0000000100000000)
  eden space 188416K, 0% used [0x00000000d5580000,0x00000000d5580000,0x00000000e0d80000)
  from space 20480K, 0% used [0x00000000e5600000,0x00000000e5600000,0x00000000e6a00000)
  to   space 13824K, 0% used [0x00000000e0d80000,0x00000000e0d80000,0x00000000e1b00000)
 ParOldGen       total 69120K, used 29741K [0x0000000080000000, 0x0000000084380000, 0x00000000d5580000)
  object space 69120K, 43% used [0x0000000080000000,0x0000000081d0b780,0x0000000084380000)
 Metaspace       used 56677K, capacity 58952K, committed 59160K, reserved 1099776K
  class space    used 7756K, capacity 8193K, committed 8240K, reserved 1048576K
}

