# JRE version: OpenJDK Runtime Environment (8.0_242-b01) (build 1.8.0_242-release-1644-b01)
# Java VM: OpenJDK 64-Bit Server VM (25.242-b01 mixed mode windows-amd64 compressed oops)
Heap:
 PSYoungGen      total 260608K, used 153027K [0x00000000d5580000, 0x00000000e6f00000, 0x0000000100000000)
  eden space 240640K, 55% used [0x00000000d5580000,0x00000000dd7c29d8,0x00000000e4080000)
  from space 19968K, 98% used [0x00000000e5b80000,0x00000000e6eae2f8,0x00000000e6f00000)
  to   space 23552K, 0% used [0x00000000e4100000,0x00000000e4100000,0x00000000e5800000)
 ParOldGen       total 67584K, used 39407K [0x0000000080000000, 0x0000000084200000, 0x00000000d5580000)
  object space 67584K, 58% used [0x0000000080000000,0x000000008267bf80,0x0000000084200000)
 Metaspace       used 65704K, capacity 69016K, committed 69272K, reserved 1110016K
  class space    used 9035K, capacity 9645K, committed 9648K, reserved 1048576K
GC Heap History (10 events):
Event: 4.933 GC heap before
{Heap before GC invocations=11 (full 2):
 PSYoungGen      total 139776K, used 11058K [0x00000000d5580000, 0x00000000e2880000, 0x0000000100000000)
  eden space 128000K, 0% used [0x00000000d5580000,0x00000000d5580000,0x00000000dd280000)
  from space 11776K, 93% used [0x00000000dd280000,0x00000000ddd4cbf8,0x00000000dde00000)
  to   space 12800K, 0% used [0x00000000e1c00000,0x00000000e1c00000,0x00000000e2880000)
 ParOldGen       total 47104K, used 6723K [0x0000000080000000, 0x0000000082e00000, 0x00000000d5580000)
  object space 47104K, 14% used [0x0000000080000000,0x0000000080690d48,0x0000000082e00000)
 Metaspace       used 34336K, capacity 35420K, committed 35496K, reserved 1079296K
  class space    used 4726K, capacity 5003K, committed 5040K, reserved 1048576K
Event: 5.003 GC heap after
Heap after GC invocations=11 (full 2):
 PSYoungGen      total 139776K, used 0K [0x00000000d5580000, 0x00000000e2880000, 0x0000000100000000)
  eden space 128000K, 0% used [0x00000000d5580000,0x00000000d5580000,0x00000000dd280000)
  from space 11776K, 0% used [0x00000000dd280000,0x00000000dd280000,0x00000000dde00000)
  to   space 12800K, 0% used [0x00000000e1c00000,0x00000000e1c00000,0x00000000e2880000)
 ParOldGen       total 67584K, used 17193K [0x0000000080000000, 0x0000000084200000, 0x00000000d5580000)
  object space 67584K, 25% used [0x0000000080000000,0x00000000810ca730,0x0000000084200000)
 Metaspace       used 34336K, capacity 35420K, committed 35496K, reserved 1079296K
  class space    used 4726K, capacity 5003K, committed 5040K, reserved 1048576K
}
Event: 6.490 GC heap before
{Heap before GC invocations=12 (full 2):
 PSYoungGen      total 139776K, used 128000K [0x00000000d5580000, 0x00000000e2880000, 0x0000000100000000)
  eden space 128000K, 100% used [0x00000000d5580000,0x00000000dd280000,0x00000000dd280000)
  from space 11776K, 0% used [0x00000000dd280000,0x00000000dd280000,0x00000000dde00000)
  to   space 12800K, 0% used [0x00000000e1c00000,0x00000000e1c00000,0x00000000e2880000)
 ParOldGen       total 67584K, used 17193K [0x0000000080000000, 0x0000000084200000, 0x00000000d5580000)
  object space 67584K, 25% used [0x0000000080000000,0x00000000810ca730,0x0000000084200000)
 Metaspace       used 40660K, capacity 42434K, committed 42664K, reserved 1085440K
  class space    used 5586K, capacity 5955K, committed 6064K, reserved 1048576K
Event: 6.498 GC heap after
Heap after GC invocations=12 (full 2):
 PSYoungGen      total 190976K, used 11202K [0x00000000d5580000, 0x00000000e2700000, 0x0000000100000000)
  eden space 179712K, 0% used [0x00000000d5580000,0x00000000d5580000,0x00000000e0500000)
  from space 11264K, 99% used [0x00000000e1c00000,0x00000000e26f0b88,0x00000000e2700000)
  to   space 13824K, 0% used [0x00000000e0c00000,0x00000000e0c00000,0x00000000e1980000)
 ParOldGen       total 67584K, used 17201K [0x0000000080000000, 0x0000000084200000, 0x00000000d5580000)
  object space 67584K, 25% used [0x0000000080000000,0x00000000810cc730,0x0000000084200000)
 Metaspace       used 40660K, capacity 42434K, committed 42664K, reserved 1085440K
  class space    used 5586K, capacity 5955K, committed 6064K, reserved 1048576K
}
Event: 8.837 GC heap before
{Heap before GC invocations=13 (full 2):
 PSYoungGen      total 190976K, used 186479K [0x00000000d5580000, 0x00000000e2700000, 0x0000000100000000)
  eden space 179712K, 97% used [0x00000000d5580000,0x00000000e00ab3a8,0x00000000e0500000)
  from space 11264K, 99% used [0x00000000e1c00000,0x00000000e26f0b88,0x00000000e2700000)
  to   space 13824K, 0% used [0x00000000e0c00000,0x00000000e0c00000,0x00000000e1980000)
 ParOldGen       total 67584K, used 17201K [0x0000000080000000, 0x0000000084200000, 0x00000000d5580000)
  object space 67584K, 25% used [0x0000000080000000,0x00000000810cc730,0x0000000084200000)
 Metaspace       used 56686K, capacity 59058K, committed 59160K, reserved 1099776K
  class space    used 7764K, capacity 8218K, committed 8240K, reserved 1048576K
Event: 8.863 GC heap after
Heap after GC invocations=13 (full 2):
 PSYoungGen      total 200704K, used 13813K [0x00000000d5580000, 0x00000000e7000000, 0x0000000100000000)
  eden space 186880K, 0% used [0x00000000d5580000,0x00000000d5580000,0x00000000e0c00000)
  from space 13824K, 99% used [0x00000000e0c00000,0x00000000e197d568,0x00000000e1980000)
  to   space 20992K, 0% used [0x00000000e5b80000,0x00000000e5b80000,0x00000000e7000000)
 ParOldGen       total 67584K, used 31184K [0x0000000080000000, 0x0000000084200000, 0x00000000d5580000)
  object space 67584K, 46% used [0x0000000080000000,0x0000000081e74048,0x0000000084200000)
 Metaspace       used 56686K, capacity 59058K, committed 59160K, reserved 1099776K
  class space    used 7764K, capacity 8218K, committed 8240K, reserved 1048576K
}
Event: 8.863 GC heap before
{Heap before GC invocations=14 (full 3):
 PSYoungGen      total 200704K, used 13813K [0x00000000d5580000, 0x00000000e7000000, 0x0000000100000000)
  eden space 186880K, 0% used [0x00000000d5580000,0x00000000d5580000,0x00000000e0c00000)
  from space 13824K, 99% used [0x00000000e0c00000,0x00000000e197d568,0x00000000e1980000)
  to   space 20992K, 0% used [0x00000000e5b80000,0x00000000e5b80000,0x00000000e7000000)
 ParOldGen       total 67584K, used 31184K [0x0000000080000000, 0x0000000084200000, 0x00000000d5580000)
  object space 67584K, 46% used [0x0000000080000000,0x0000000081e74048,0x0000000084200000)
 Metaspace       used 56686K, capacity 59058K, committed 59160K, reserved 1099776K
  class space    used 7764K, capacity 8218K, committed 8240K, reserved 1048576K
Event: 9.070 GC heap after
Heap after GC invocations=14 (full 3):
 PSYoungGen      total 200704K, used 0K [0x00000000d5580000, 0x00000000e7000000, 0x0000000100000000)
  eden space 186880K, 0% used [0x00000000d5580000,0x00000000d5580000,0x00000000e0c00000)
  from space 13824K, 0% used [0x00000000e0c00000,0x00000000e0c00000,0x00000000e1980000)
  to   space 20992K, 0% used [0x00000000e5b80000,0x00000000e5b80000,0x00000000e7000000)
 ParOldGen       total 67584K, used 39399K [0x0000000080000000, 0x0000000084200000, 0x00000000d5580000)
  object space 67584K, 58% used [0x0000000080000000,0x0000000082679f80,0x0000000084200000)
 Metaspace       used 56641K, capacity 58908K, committed 59160K, reserved 1099776K
  class space    used 7750K, capacity 8193K, committed 8240K, reserved 1048576K
}
Event: 11.855 GC heap before
{Heap before GC invocations=15 (full 3):
 PSYoungGen      total 200704K, used 186880K [0x00000000d5580000, 0x00000000e7000000, 0x0000000100000000)
  eden space 186880K, 100% used [0x00000000d5580000,0x00000000e0c00000,0x00000000e0c00000)
  from space 13824K, 0% used [0x00000000e0c00000,0x00000000e0c00000,0x00000000e1980000)
  to   space 20992K, 0% used [0x00000000e5b80000,0x00000000e5b80000,0x00000000e7000000)
 ParOldGen       total 67584K, used 39399K [0x0000000080000000, 0x0000000084200000, 0x00000000d5580000)
  object space 67584K, 58% used [0x0000000080000000,0x0000000082679f80,0x0000000084200000)
 Metaspace       used 64267K, capacity 67454K, committed 67608K, reserved 1107968K
  class space    used 8889K, capacity 9468K, committed 9520K, reserved 1048576K
Event: 11.870 GC heap after
Heap after GC invocations=15 (full 3):
 PSYoungGen      total 260608K, used 19640K [0x00000000d5580000, 0x00000000e6f00000, 0x0000000100000000)
  eden space 240640K, 0% used [0x00000000d5580000,0x00000000d5580000,0x00000000e4080000)
  from space 19968K, 98% used [0x00000000e5b80000,0x00000000e6eae2f8,0x00000000e6f00000)
  to   space 23552K, 0% used [0x00000000e4100000,0x00000000e4100000,0x00000000e5800000)
 ParOldGen       total 67584K, used 39407K [0x0000000080000000, 0x0000000084200000, 0x00000000d5580000)
  object space 67584K, 58% used [0x0000000080000000,0x000000008267bf80,0x0000000084200000)
 Metaspace       used 64267K, capacity 67454K, committed 67608K, reserved 1107968K
  class space    used 8889K, capacity 9468K, committed 9520K, reserved 1048576K
}

